<?xml version="1.0" encoding="UTF-8"?>
<!-- Generated by org.testng.reporters.JUnitReportReporter -->
<testsuite hostname="LAPTOP-SB7V8HDE" failures="0" tests="1" name="TestSuite.SmokeTest" time="12.506" errors="0" timestamp="2022-06-29T16:55:46 IST" skipped="0">
  <testcase classname="TestSuite.SmokeTest" name="testing" time="12.506"/>
  <system-out/>
</testsuite> <!-- TestSuite.SmokeTest -->
